<?xml version="1.0" encoding="UTF-8"?>
<testng-results skipped="0" failed="0" ignored="0" total="1" passed="1">
  <reporter-output>
  </reporter-output>
  <suite name="Default suite" duration-ms="26631" started-at="2021-02-09T02:48:56Z" finished-at="2021-02-09T02:49:23Z">
    <groups>
    </groups>
    <test name="Default test" duration-ms="26631" started-at="2021-02-09T02:48:56Z" finished-at="2021-02-09T02:49:23Z">
      <class name="com.qa.androidproject.Testcases.LaunchMyApp">
        <test-method status="PASS" signature="TriggeringBeforeSuiteDependency()[pri:0, instance:com.qa.androidproject.Testcases.LaunchMyApp@63440df3]" name="TriggeringBeforeSuiteDependency" is-config="true" duration-ms="23699" started-at="2021-02-09T02:48:56Z" finished-at="2021-02-09T02:49:20Z">
          <reporter-output>
          </reporter-output>
        </test-method> <!-- TriggeringBeforeSuiteDependency -->
        <test-method status="PASS" signature="TC1_AmazonSearch()[pri:0, instance:com.qa.androidproject.Testcases.LaunchMyApp@63440df3]" name="TC1_AmazonSearch" duration-ms="2900" started-at="2021-02-09T02:49:20Z" finished-at="2021-02-09T02:49:23Z">
          <reporter-output>
          </reporter-output>
        </test-method> <!-- TC1_AmazonSearch -->
      </class> <!-- com.qa.androidproject.Testcases.LaunchMyApp -->
    </test> <!-- Default test -->
  </suite> <!-- Default suite -->
</testng-results>
